<?xml version="1.0" encoding="UTF-8"?>
<Site BuildName="(empty)"
	BuildStamp="20260519-0130-Experimental"
	Name="(empty)"
	Generator="ctest-4.3.2"
	CompilerName=""
	CompilerVersion=""
	OSName="Windows"
	Hostname="DESKTOP-BVFEBJQ"
	OSRelease="10.0.26200"
	OSVersion="Windows 10"
	OSPlatform="AMD64"
	Is64Bits="1"
	VendorString="GenuineIntel"
	VendorID="Intel Corporation"
	FamilyID="6"
	ModelID="14"
	ModelName=""
	ProcessorCacheSize="-1"
	NumberOfLogicalCPU="6"
	NumberOfPhysicalCPU="6"
	TotalVirtualMemory="7854"
	TotalPhysicalMemory="16320"
	LogicalProcessorsPerPhysical="1"
	ProcessorClockFrequency="3600.000000"
	>
	<Testing>
		<StartDateTime>May 19 10:31 [NON-UTF-8-BYTE-0xB4][NON-UTF-8-BYTE-0xEB][NON-UTF-8-BYTE-0xC7]ѹα[NON-UTF-8-BYTE-0xB9] ǥ[NON-UTF-8-BYTE-0xC1]ؽ[NON-UTF-8-BYTE-0xC3]</StartDateTime>
		<StartTestTime>1779154301</StartTestTime>
		<TestList>
			<Test>./GildedRoseTest.SulfurasKeepsSellInEvenWhenQualityExceedsNormalMaximum</Test>
		</TestList>
		<Test Status="passed">
			<Name>GildedRoseTest.SulfurasKeepsSellInEvenWhenQualityExceedsNormalMaximum</Name>
			<Path>.</Path>
			<FullName>./GildedRoseTest.SulfurasKeepsSellInEvenWhenQualityExceedsNormalMaximum</FullName>
			<FullCommandLine>C:\DEV\GildedRose_14\build\gilded_rose_test.exe "--gtest_filter=GildedRoseTest.SulfurasKeepsSellInEvenWhenQualityExceedsNormalMaximum" "--gtest_also_run_disabled_tests"</FullCommandLine>
			<StartTestTime>1779154301.112863</StartTestTime>
			<Results>
				<NamedMeasurement type="numeric/double" name="Execution Time">
					<Value>0.024245</Value>
				</NamedMeasurement>
				<NamedMeasurement type="numeric/double" name="Processors">
					<Value>1</Value>
				</NamedMeasurement>
				<NamedMeasurement type="text/string" name="Completion Status">
					<Value>Completed</Value>
				</NamedMeasurement>
				<NamedMeasurement type="text/string" name="Command Line">
					<Value>C:\DEV\GildedRose_14\build\gilded_rose_test.exe "--gtest_filter=GildedRoseTest.SulfurasKeepsSellInEvenWhenQualityExceedsNormalMaximum" "--gtest_also_run_disabled_tests"</Value>
				</NamedMeasurement>
				<NamedMeasurement type="text/string" name="Environment">
					<Value>#CTEST_RESOURCE_GROUP_COUNT=</Value>
				</NamedMeasurement>
				<Measurement>
					<Value encoding="base64" compression="gzip">eJytUctqwzAQvOsr9hgfbBroKZBDaYwpoW5r93GwjFHstSvQI+iRpn9fP0KaFAo5ZE672mFGs5t5pbjqQDKuZgG0Rku4X9BV/E4TLhpsMm2xmt/Sje9bWjW4tbTTuhPo0LrQmvqkpWM7VNUgGNU1SbXDBSQjBV77CbRcODSwhF+D4T3KvWi9YXaNvUeOQjyoeIfq4xPVi2eCu+94XyM2NtVGMvHI9lx6SYrlESVkhzhzcKPVEOdQW88dRqQIjyghEXrDxDRHteNGK4mq56IL/fYP+VTz/OukgOwthRHltWJNcvC0vpYkzG5A2uDSUBMdnHZMBOSyvTlkJmz0lzq/yn/XAMNUdO7Tx36+y/N4NWxy4kbkBzO45Zg=</Value>
				</Measurement>
			</Results>
		</Test>
		<EndDateTime>May 19 10:31 [NON-UTF-8-BYTE-0xB4][NON-UTF-8-BYTE-0xEB][NON-UTF-8-BYTE-0xC7]ѹα[NON-UTF-8-BYTE-0xB9] ǥ[NON-UTF-8-BYTE-0xC1]ؽ[NON-UTF-8-BYTE-0xC3]</EndDateTime>
		<EndTestTime>1779154301</EndTestTime>
		<ElapsedMinutes>0</ElapsedMinutes>
	</Testing>
</Site>
