<?xml version="1.0" encoding="UTF-8"?>
<Site BuildName="(empty)"
	BuildStamp="20260515-0039-Experimental"
	Name="(empty)"
	Generator="ctest-4.3.2"
	CompilerName=""
	CompilerVersion=""
	OSName="Windows"
	Hostname="DESKTOP-BVFEBJQ"
	OSRelease="10.0.26200"
	OSVersion="Windows 10"
	OSPlatform="AMD64"
	Is64Bits="1"
	VendorString="GenuineIntel"
	VendorID="Intel Corporation"
	FamilyID="6"
	ModelID="14"
	ModelName=""
	ProcessorCacheSize="-1"
	NumberOfLogicalCPU="6"
	NumberOfPhysicalCPU="6"
	TotalVirtualMemory="4750"
	TotalPhysicalMemory="16320"
	LogicalProcessorsPerPhysical="1"
	ProcessorClockFrequency="3600.000000"
	>
	<Testing>
		<StartDateTime>May 15 09:39 [NON-UTF-8-BYTE-0xB4][NON-UTF-8-BYTE-0xEB][NON-UTF-8-BYTE-0xC7]ѹα[NON-UTF-8-BYTE-0xB9] ǥ[NON-UTF-8-BYTE-0xC1]ؽ[NON-UTF-8-BYTE-0xC3]</StartDateTime>
		<StartTestTime>1778805599</StartTestTime>
		<TestList>
			<Test>./GildedRoseTest.NormalItemQuality1</Test>
		</TestList>
		<Test Status="passed">
			<Name>GildedRoseTest.NormalItemQuality1</Name>
			<Path>.</Path>
			<FullName>./GildedRoseTest.NormalItemQuality1</FullName>
			<FullCommandLine>C:\DEV\GildedRose_14\build\gilded_rose_test.exe "--gtest_filter=GildedRoseTest.NormalItemQuality1" "--gtest_also_run_disabled_tests"</FullCommandLine>
			<StartTestTime>1778805599.651587</StartTestTime>
			<Results>
				<NamedMeasurement type="numeric/double" name="Execution Time">
					<Value>0.057577</Value>
				</NamedMeasurement>
				<NamedMeasurement type="numeric/double" name="Processors">
					<Value>1</Value>
				</NamedMeasurement>
				<NamedMeasurement type="text/string" name="Completion Status">
					<Value>Completed</Value>
				</NamedMeasurement>
				<NamedMeasurement type="text/string" name="Command Line">
					<Value>C:\DEV\GildedRose_14\build\gilded_rose_test.exe "--gtest_filter=GildedRoseTest.NormalItemQuality1" "--gtest_also_run_disabled_tests"</Value>
				</NamedMeasurement>
				<NamedMeasurement type="text/string" name="Environment">
					<Value>#CTEST_RESOURCE_GROUP_COUNT=</Value>
				</NamedMeasurement>
				<Measurement>
					<Value encoding="base64" compression="gzip">eJyNkE1Lw0AQhu/7K+bYHBIMeCr0ILaEIkRN1Us2hG0yDQv7UXZnFf+9+Si1EYS8p/l4mHlnimCMNB1oIc0qgpOzGh7XfLv74JlULbaF9Vin9/wY+pTXLZ4976ztFBJ6ir1rblI+pkNUDwOTpmG5JVxDNiLw1nfgJBWhgw38LhjqSW6dFmpPqF+DUJK+U1ZurqqguFhNgcYxg9VL7IMkTFgZX1VBpuxRqKmP5lM6azSankWKw/kPfDtzbouVULznMKpaYnlC4flpCQ6rO9A+WmpmwoEsCRWxZfcSChe39svMv/nfF8EJk8z39Ce9PBwOu+3wgYlN2A/girnf====</Value>
				</Measurement>
			</Results>
		</Test>
		<EndDateTime>May 15 09:39 [NON-UTF-8-BYTE-0xB4][NON-UTF-8-BYTE-0xEB][NON-UTF-8-BYTE-0xC7]ѹα[NON-UTF-8-BYTE-0xB9] ǥ[NON-UTF-8-BYTE-0xC1]ؽ[NON-UTF-8-BYTE-0xC3]</EndDateTime>
		<EndTestTime>1778805599</EndTestTime>
		<ElapsedMinutes>0</ElapsedMinutes>
	</Testing>
</Site>
