<?xml version="1.0" encoding="UTF-8"?>
<Site BuildName="(empty)"
	BuildStamp="20260515-0039-Experimental"
	Name="(empty)"
	Generator="ctest-4.3.2"
	CompilerName=""
	CompilerVersion=""
	OSName="Windows"
	Hostname="DESKTOP-BVFEBJQ"
	OSRelease="10.0.26200"
	OSVersion="Windows 10"
	OSPlatform="AMD64"
	Is64Bits="1"
	VendorString="GenuineIntel"
	VendorID="Intel Corporation"
	FamilyID="6"
	ModelID="14"
	ModelName=""
	ProcessorCacheSize="-1"
	NumberOfLogicalCPU="6"
	NumberOfPhysicalCPU="6"
	TotalVirtualMemory="5781"
	TotalPhysicalMemory="16320"
	LogicalProcessorsPerPhysical="1"
	ProcessorClockFrequency="3600.000000"
	>
	<Testing>
		<StartDateTime>May 15 09:59 [NON-UTF-8-BYTE-0xB4][NON-UTF-8-BYTE-0xEB][NON-UTF-8-BYTE-0xC7]ѹα[NON-UTF-8-BYTE-0xB9] ǥ[NON-UTF-8-BYTE-0xC1]ؽ[NON-UTF-8-BYTE-0xC3]</StartDateTime>
		<StartTestTime>1778806766</StartTestTime>
		<TestList>
			<Test>./GildedRoseTest.BackstagePassItemQuality1</Test>
		</TestList>
		<Test Status="passed">
			<Name>GildedRoseTest.BackstagePassItemQuality1</Name>
			<Path>.</Path>
			<FullName>./GildedRoseTest.BackstagePassItemQuality1</FullName>
			<FullCommandLine>C:\DEV\GildedRose_14\build\gilded_rose_test.exe "--gtest_filter=GildedRoseTest.BackstagePassItemQuality1" "--gtest_also_run_disabled_tests"</FullCommandLine>
			<StartTestTime>1778806766.241736</StartTestTime>
			<Results>
				<NamedMeasurement type="numeric/double" name="Execution Time">
					<Value>0.020156</Value>
				</NamedMeasurement>
				<NamedMeasurement type="numeric/double" name="Processors">
					<Value>1</Value>
				</NamedMeasurement>
				<NamedMeasurement type="text/string" name="Completion Status">
					<Value>Completed</Value>
				</NamedMeasurement>
				<NamedMeasurement type="text/string" name="Command Line">
					<Value>C:\DEV\GildedRose_14\build\gilded_rose_test.exe "--gtest_filter=GildedRoseTest.BackstagePassItemQuality1" "--gtest_also_run_disabled_tests"</Value>
				</NamedMeasurement>
				<NamedMeasurement type="text/string" name="Environment">
					<Value>#CTEST_RESOURCE_GROUP_COUNT=</Value>
				</NamedMeasurement>
				<Measurement>
					<Value encoding="base64" compression="gzip">eJyVUMFqwzAMvfsrdGwOMQvsVOhhW0sYg65Lt13iENxEDWaOXWxlY3+/OCldMxi0OulJT9LTyzpjlGmglcrMItg728LDXCxX7yJVusY6sx7L5Fbsuh6KssaDF421jUZCT7F31RkUAwxZGRbyqmJrSziHdKDAa9+BvdKEDhbweyDU+b2sPjzJBjfS+0fC9qWTWtF3wvLFKQrIjooToGFbUHzMfacIOcvjUxSQaruTeuyj+VTOmhZNz0WKu8Mf8vnOqTqWQ/a2hiGKK5SPE/D8dMUUzG6g9dGl0kY6kCWpI3bZ94TSxbX9MlNv//MUnDR8eqf/bHO33a6WwY+Ry9kPRmPB+A==</Value>
				</Measurement>
			</Results>
		</Test>
		<EndDateTime>May 15 09:59 [NON-UTF-8-BYTE-0xB4][NON-UTF-8-BYTE-0xEB][NON-UTF-8-BYTE-0xC7]ѹα[NON-UTF-8-BYTE-0xB9] ǥ[NON-UTF-8-BYTE-0xC1]ؽ[NON-UTF-8-BYTE-0xC3]</EndDateTime>
		<EndTestTime>1778806766</EndTestTime>
		<ElapsedMinutes>0</ElapsedMinutes>
	</Testing>
</Site>
